22-Jul-2024 20:59:52.374 INFO [main] org.apache.catalina.startup.VersionLoggerListener.log Server version name:   Apache Tomcat/10.1.26
22-Jul-2024 20:59:52.390 INFO [main] org.apache.catalina.startup.VersionLoggerListener.log Server built:          Jul 7 2024 21:02:13 UTC
22-Jul-2024 20:59:52.390 INFO [main] org.apache.catalina.startup.VersionLoggerListener.log Server version number: 10.1.26.0
22-Jul-2024 20:59:52.390 INFO [main] org.apache.catalina.startup.VersionLoggerListener.log OS Name:               Windows 11
22-Jul-2024 20:59:52.390 INFO [main] org.apache.catalina.startup.VersionLoggerListener.log OS Version:            10.0
22-Jul-2024 20:59:52.390 INFO [main] org.apache.catalina.startup.VersionLoggerListener.log Architecture:          amd64
22-Jul-2024 20:59:52.390 INFO [main] org.apache.catalina.startup.VersionLoggerListener.log Java Home:             C:\Program Files\Java\jdk-21
22-Jul-2024 20:59:52.390 INFO [main] org.apache.catalina.startup.VersionLoggerListener.log JVM Version:           21.0.3+7-LTS-152
22-Jul-2024 20:59:52.390 INFO [main] org.apache.catalina.startup.VersionLoggerListener.log JVM Vendor:            Oracle Corporation
22-Jul-2024 20:59:52.390 INFO [main] org.apache.catalina.startup.VersionLoggerListener.log CATALINA_BASE:         C:\aviad\courses\Java Application Development\libraries\apache-tomcat-10.1.26
22-Jul-2024 20:59:52.390 INFO [main] org.apache.catalina.startup.VersionLoggerListener.log CATALINA_HOME:         C:\aviad\courses\Java Application Development\libraries\apache-tomcat-10.1.26
22-Jul-2024 20:59:52.390 INFO [main] org.apache.catalina.startup.VersionLoggerListener.log Command line argument: -Djava.util.logging.config.file=C:\aviad\courses\Java Application Development\libraries\apache-tomcat-10.1.26\conf\logging.properties
22-Jul-2024 20:59:52.390 INFO [main] org.apache.catalina.startup.VersionLoggerListener.log Command line argument: -Djava.util.logging.manager=org.apache.juli.ClassLoaderLogManager
22-Jul-2024 20:59:52.390 INFO [main] org.apache.catalina.startup.VersionLoggerListener.log Command line argument: -Djdk.tls.ephemeralDHKeySize=2048
22-Jul-2024 20:59:52.390 INFO [main] org.apache.catalina.startup.VersionLoggerListener.log Command line argument: -Djava.protocol.handler.pkgs=org.apache.catalina.webresources
22-Jul-2024 20:59:52.390 INFO [main] org.apache.catalina.startup.VersionLoggerListener.log Command line argument: --add-opens=java.base/java.lang=ALL-UNNAMED
22-Jul-2024 20:59:52.390 INFO [main] org.apache.catalina.startup.VersionLoggerListener.log Command line argument: --add-opens=java.base/java.io=ALL-UNNAMED
22-Jul-2024 20:59:52.390 INFO [main] org.apache.catalina.startup.VersionLoggerListener.log Command line argument: --add-opens=java.base/java.util=ALL-UNNAMED
22-Jul-2024 20:59:52.390 INFO [main] org.apache.catalina.startup.VersionLoggerListener.log Command line argument: --add-opens=java.base/java.util.concurrent=ALL-UNNAMED
22-Jul-2024 20:59:52.390 INFO [main] org.apache.catalina.startup.VersionLoggerListener.log Command line argument: --add-opens=java.rmi/sun.rmi.transport=ALL-UNNAMED
22-Jul-2024 20:59:52.390 INFO [main] org.apache.catalina.startup.VersionLoggerListener.log Command line argument: -Dcatalina.base=C:\aviad\courses\Java Application Development\libraries\apache-tomcat-10.1.26
22-Jul-2024 20:59:52.390 INFO [main] org.apache.catalina.startup.VersionLoggerListener.log Command line argument: -Dcatalina.home=C:\aviad\courses\Java Application Development\libraries\apache-tomcat-10.1.26
22-Jul-2024 20:59:52.390 INFO [main] org.apache.catalina.startup.VersionLoggerListener.log Command line argument: -Djava.io.tmpdir=C:\aviad\courses\Java Application Development\libraries\apache-tomcat-10.1.26\temp
22-Jul-2024 20:59:52.390 INFO [main] org.apache.catalina.core.AprLifecycleListener.lifecycleEvent The Apache Tomcat Native library which allows using OpenSSL was not found on the java.library.path: [C:\Program Files\Java\jdk-21\bin;C:\WINDOWS\Sun\Java\bin;C:\WINDOWS\system32;C:\WINDOWS;C:\Program Files\Java\jdk-21\bin;C:\Program Files\Python311\Scripts\;C:\Program Files\Python311\;C:\aviad\courses\Java Application Development\libraries\jaxb\jaxb-ri\bin;c:\aviad\projects\external\apache-maven-3.8.6\\bin;C:\WINDOWS\system32;C:\WINDOWS;C:\WINDOWS\System32\Wbem;C:\WINDOWS\System32\WindowsPowerShell\v1.0\;C:\WINDOWS\System32\OpenSSH\;C:\Program Files (x86)\GitExtensions\;C:\Program Files\Git\cmd;C:\Program Files\Docker\Docker\resources\bin;C:\Program Files\dotnet\;C:\Program Files\nodejs\;C:\Program Files\Microsoft SQL Server\150\Tools\Binn\;C:\Program Files\Microsoft SQL Server\Client SDK\ODBC\170\Tools\Binn\;C:\Users\User\AppData\Local\Microsoft\WindowsApps;C:\Users\User\.dotnet\tools;C:\Users\User\AppData\Roaming\npm;;.]
22-Jul-2024 20:59:52.562 INFO [main] org.apache.coyote.AbstractProtocol.init Initializing ProtocolHandler ["http-nio-8080"]
22-Jul-2024 20:59:52.577 INFO [main] org.apache.catalina.startup.Catalina.load Server initialization in [303] milliseconds
22-Jul-2024 20:59:52.609 INFO [main] org.apache.catalina.core.StandardService.startInternal Starting service [Catalina]
22-Jul-2024 20:59:52.609 INFO [main] org.apache.catalina.core.StandardEngine.startInternal Starting Servlet engine: [Apache Tomcat/10.1.26]
22-Jul-2024 20:59:52.624 INFO [main] org.apache.catalina.startup.HostConfig.deployDirectory Deploying web application directory [C:\aviad\courses\Java Application Development\libraries\apache-tomcat-10.1.26\webapps\docs]
22-Jul-2024 20:59:52.828 INFO [main] org.apache.jasper.servlet.TldScanner.scanJars At least one JAR was scanned for TLDs yet contained no TLDs. Enable debug logging for this logger for a complete list of JARs that were scanned but no TLDs were found in them. Skipping unneeded JARs during scanning can improve startup time and JSP compilation time.
22-Jul-2024 20:59:52.859 INFO [main] org.apache.catalina.startup.HostConfig.deployDirectory Deployment of web application directory [C:\aviad\courses\Java Application Development\libraries\apache-tomcat-10.1.26\webapps\docs] has finished in [235] ms
22-Jul-2024 20:59:52.859 INFO [main] org.apache.catalina.startup.HostConfig.deployDirectory Deploying web application directory [C:\aviad\courses\Java Application Development\libraries\apache-tomcat-10.1.26\webapps\examples]
22-Jul-2024 20:59:53.031 INFO [main] org.apache.jasper.servlet.TldScanner.scanJars At least one JAR was scanned for TLDs yet contained no TLDs. Enable debug logging for this logger for a complete list of JARs that were scanned but no TLDs were found in them. Skipping unneeded JARs during scanning can improve startup time and JSP compilation time.
22-Jul-2024 20:59:53.062 INFO [main] org.apache.catalina.startup.HostConfig.deployDirectory Deployment of web application directory [C:\aviad\courses\Java Application Development\libraries\apache-tomcat-10.1.26\webapps\examples] has finished in [203] ms
22-Jul-2024 20:59:53.062 INFO [main] org.apache.catalina.startup.HostConfig.deployDirectory Deploying web application directory [C:\aviad\courses\Java Application Development\libraries\apache-tomcat-10.1.26\webapps\host-manager]
22-Jul-2024 20:59:53.093 INFO [main] org.apache.jasper.servlet.TldScanner.scanJars At least one JAR was scanned for TLDs yet contained no TLDs. Enable debug logging for this logger for a complete list of JARs that were scanned but no TLDs were found in them. Skipping unneeded JARs during scanning can improve startup time and JSP compilation time.
22-Jul-2024 20:59:53.109 INFO [main] org.apache.catalina.startup.HostConfig.deployDirectory Deployment of web application directory [C:\aviad\courses\Java Application Development\libraries\apache-tomcat-10.1.26\webapps\host-manager] has finished in [47] ms
22-Jul-2024 20:59:53.109 INFO [main] org.apache.catalina.startup.HostConfig.deployDirectory Deploying web application directory [C:\aviad\courses\Java Application Development\libraries\apache-tomcat-10.1.26\webapps\manager]
22-Jul-2024 20:59:53.140 INFO [main] org.apache.jasper.servlet.TldScanner.scanJars At least one JAR was scanned for TLDs yet contained no TLDs. Enable debug logging for this logger for a complete list of JARs that were scanned but no TLDs were found in them. Skipping unneeded JARs during scanning can improve startup time and JSP compilation time.
22-Jul-2024 20:59:53.140 INFO [main] org.apache.catalina.startup.HostConfig.deployDirectory Deployment of web application directory [C:\aviad\courses\Java Application Development\libraries\apache-tomcat-10.1.26\webapps\manager] has finished in [31] ms
22-Jul-2024 20:59:53.140 INFO [main] org.apache.catalina.startup.HostConfig.deployDirectory Deploying web application directory [C:\aviad\courses\Java Application Development\libraries\apache-tomcat-10.1.26\webapps\ROOT]
22-Jul-2024 20:59:53.156 INFO [main] org.apache.jasper.servlet.TldScanner.scanJars At least one JAR was scanned for TLDs yet contained no TLDs. Enable debug logging for this logger for a complete list of JARs that were scanned but no TLDs were found in them. Skipping unneeded JARs during scanning can improve startup time and JSP compilation time.
22-Jul-2024 20:59:53.156 INFO [main] org.apache.catalina.startup.HostConfig.deployDirectory Deployment of web application directory [C:\aviad\courses\Java Application Development\libraries\apache-tomcat-10.1.26\webapps\ROOT] has finished in [16] ms
22-Jul-2024 20:59:53.156 INFO [main] org.apache.coyote.AbstractProtocol.start Starting ProtocolHandler ["http-nio-8080"]
22-Jul-2024 20:59:53.172 INFO [main] org.apache.catalina.startup.Catalina.start Server startup in [598] milliseconds
22-Jul-2024 21:30:05.517 INFO [main] org.apache.catalina.startup.VersionLoggerListener.log Server version name:   Apache Tomcat/10.1.26
22-Jul-2024 21:30:05.517 INFO [main] org.apache.catalina.startup.VersionLoggerListener.log Server built:          Jul 7 2024 21:02:13 UTC
22-Jul-2024 21:30:05.517 INFO [main] org.apache.catalina.startup.VersionLoggerListener.log Server version number: 10.1.26.0
22-Jul-2024 21:30:05.517 INFO [main] org.apache.catalina.startup.VersionLoggerListener.log OS Name:               Windows 11
22-Jul-2024 21:30:05.517 INFO [main] org.apache.catalina.startup.VersionLoggerListener.log OS Version:            10.0
22-Jul-2024 21:30:05.517 INFO [main] org.apache.catalina.startup.VersionLoggerListener.log Architecture:          amd64
22-Jul-2024 21:30:05.517 INFO [main] org.apache.catalina.startup.VersionLoggerListener.log Java Home:             C:\Program Files\Java\jdk-21
22-Jul-2024 21:30:05.517 INFO [main] org.apache.catalina.startup.VersionLoggerListener.log JVM Version:           21.0.3+7-LTS-152
22-Jul-2024 21:30:05.517 INFO [main] org.apache.catalina.startup.VersionLoggerListener.log JVM Vendor:            Oracle Corporation
22-Jul-2024 21:30:05.517 INFO [main] org.apache.catalina.startup.VersionLoggerListener.log CATALINA_BASE:         C:\aviad\courses\Java Application Development\libraries\apache-tomcat-10.1.26
22-Jul-2024 21:30:05.517 INFO [main] org.apache.catalina.startup.VersionLoggerListener.log CATALINA_HOME:         C:\aviad\courses\Java Application Development\libraries\apache-tomcat-10.1.26
22-Jul-2024 21:30:05.517 INFO [main] org.apache.catalina.startup.VersionLoggerListener.log Command line argument: -Djava.util.logging.config.file=C:\aviad\courses\Java Application Development\libraries\apache-tomcat-10.1.26\conf\logging.properties
22-Jul-2024 21:30:05.517 INFO [main] org.apache.catalina.startup.VersionLoggerListener.log Command line argument: -Djava.util.logging.manager=org.apache.juli.ClassLoaderLogManager
22-Jul-2024 21:30:05.517 INFO [main] org.apache.catalina.startup.VersionLoggerListener.log Command line argument: -Djdk.tls.ephemeralDHKeySize=2048
22-Jul-2024 21:30:05.517 INFO [main] org.apache.catalina.startup.VersionLoggerListener.log Command line argument: -Djava.protocol.handler.pkgs=org.apache.catalina.webresources
22-Jul-2024 21:30:05.517 INFO [main] org.apache.catalina.startup.VersionLoggerListener.log Command line argument: --add-opens=java.base/java.lang=ALL-UNNAMED
22-Jul-2024 21:30:05.517 INFO [main] org.apache.catalina.startup.VersionLoggerListener.log Command line argument: --add-opens=java.base/java.io=ALL-UNNAMED
22-Jul-2024 21:30:05.517 INFO [main] org.apache.catalina.startup.VersionLoggerListener.log Command line argument: --add-opens=java.base/java.util=ALL-UNNAMED
22-Jul-2024 21:30:05.517 INFO [main] org.apache.catalina.startup.VersionLoggerListener.log Command line argument: --add-opens=java.base/java.util.concurrent=ALL-UNNAMED
22-Jul-2024 21:30:05.532 INFO [main] org.apache.catalina.startup.VersionLoggerListener.log Command line argument: --add-opens=java.rmi/sun.rmi.transport=ALL-UNNAMED
22-Jul-2024 21:30:05.532 INFO [main] org.apache.catalina.startup.VersionLoggerListener.log Command line argument: -Dcatalina.base=C:\aviad\courses\Java Application Development\libraries\apache-tomcat-10.1.26
22-Jul-2024 21:30:05.532 INFO [main] org.apache.catalina.startup.VersionLoggerListener.log Command line argument: -Dcatalina.home=C:\aviad\courses\Java Application Development\libraries\apache-tomcat-10.1.26
22-Jul-2024 21:30:05.532 INFO [main] org.apache.catalina.startup.VersionLoggerListener.log Command line argument: -Djava.io.tmpdir=C:\aviad\courses\Java Application Development\libraries\apache-tomcat-10.1.26\temp
22-Jul-2024 21:30:05.532 INFO [main] org.apache.catalina.core.AprLifecycleListener.lifecycleEvent The Apache Tomcat Native library which allows using OpenSSL was not found on the java.library.path: [C:\Program Files\Java\jdk-21\bin;C:\WINDOWS\Sun\Java\bin;C:\WINDOWS\system32;C:\WINDOWS;C:\Program Files\Java\jdk-21\bin;C:\Program Files\Python311\Scripts\;C:\Program Files\Python311\;C:\aviad\courses\Java Application Development\libraries\jaxb\jaxb-ri\bin;c:\aviad\projects\external\apache-maven-3.8.6\\bin;C:\WINDOWS\system32;C:\WINDOWS;C:\WINDOWS\System32\Wbem;C:\WINDOWS\System32\WindowsPowerShell\v1.0\;C:\WINDOWS\System32\OpenSSH\;C:\Program Files (x86)\GitExtensions\;C:\Program Files\Git\cmd;C:\Program Files\Docker\Docker\resources\bin;C:\Program Files\dotnet\;C:\Program Files\nodejs\;C:\Program Files\Microsoft SQL Server\150\Tools\Binn\;C:\Program Files\Microsoft SQL Server\Client SDK\ODBC\170\Tools\Binn\;C:\Users\User\AppData\Local\Microsoft\WindowsApps;C:\Users\User\.dotnet\tools;C:\Users\User\AppData\Roaming\npm;;.]
22-Jul-2024 21:30:05.673 INFO [main] org.apache.coyote.AbstractProtocol.init Initializing ProtocolHandler ["http-nio-8080"]
22-Jul-2024 21:30:05.694 INFO [main] org.apache.catalina.startup.Catalina.load Server initialization in [279] milliseconds
22-Jul-2024 21:30:05.720 INFO [main] org.apache.catalina.core.StandardService.startInternal Starting service [Catalina]
22-Jul-2024 21:30:05.720 INFO [main] org.apache.catalina.core.StandardEngine.startInternal Starting Servlet engine: [Apache Tomcat/10.1.26]
22-Jul-2024 21:30:05.736 INFO [main] org.apache.catalina.startup.HostConfig.deployWAR Deploying web application archive [C:\aviad\courses\Java Application Development\libraries\apache-tomcat-10.1.26\webapps\w.war]
22-Jul-2024 21:30:06.018 INFO [main] org.apache.jasper.servlet.TldScanner.scanJars At least one JAR was scanned for TLDs yet contained no TLDs. Enable debug logging for this logger for a complete list of JARs that were scanned but no TLDs were found in them. Skipping unneeded JARs during scanning can improve startup time and JSP compilation time.
22-Jul-2024 21:30:06.034 INFO [main] org.apache.catalina.startup.HostConfig.deployWAR Deployment of web application archive [C:\aviad\courses\Java Application Development\libraries\apache-tomcat-10.1.26\webapps\w.war] has finished in [298] ms
22-Jul-2024 21:30:06.034 INFO [main] org.apache.catalina.startup.HostConfig.deployDirectory Deploying web application directory [C:\aviad\courses\Java Application Development\libraries\apache-tomcat-10.1.26\webapps\docs]
22-Jul-2024 21:30:06.065 INFO [main] org.apache.jasper.servlet.TldScanner.scanJars At least one JAR was scanned for TLDs yet contained no TLDs. Enable debug logging for this logger for a complete list of JARs that were scanned but no TLDs were found in them. Skipping unneeded JARs during scanning can improve startup time and JSP compilation time.
22-Jul-2024 21:30:06.065 INFO [main] org.apache.catalina.startup.HostConfig.deployDirectory Deployment of web application directory [C:\aviad\courses\Java Application Development\libraries\apache-tomcat-10.1.26\webapps\docs] has finished in [31] ms
22-Jul-2024 21:30:06.065 INFO [main] org.apache.catalina.startup.HostConfig.deployDirectory Deploying web application directory [C:\aviad\courses\Java Application Development\libraries\apache-tomcat-10.1.26\webapps\examples]
22-Jul-2024 21:30:06.237 INFO [main] org.apache.jasper.servlet.TldScanner.scanJars At least one JAR was scanned for TLDs yet contained no TLDs. Enable debug logging for this logger for a complete list of JARs that were scanned but no TLDs were found in them. Skipping unneeded JARs during scanning can improve startup time and JSP compilation time.
22-Jul-2024 21:30:06.283 INFO [main] org.apache.catalina.startup.HostConfig.deployDirectory Deployment of web application directory [C:\aviad\courses\Java Application Development\libraries\apache-tomcat-10.1.26\webapps\examples] has finished in [218] ms
22-Jul-2024 21:30:06.283 INFO [main] org.apache.catalina.startup.HostConfig.deployDirectory Deploying web application directory [C:\aviad\courses\Java Application Development\libraries\apache-tomcat-10.1.26\webapps\host-manager]
22-Jul-2024 21:30:06.314 INFO [main] org.apache.jasper.servlet.TldScanner.scanJars At least one JAR was scanned for TLDs yet contained no TLDs. Enable debug logging for this logger for a complete list of JARs that were scanned but no TLDs were found in them. Skipping unneeded JARs during scanning can improve startup time and JSP compilation time.
22-Jul-2024 21:30:06.314 INFO [main] org.apache.catalina.startup.HostConfig.deployDirectory Deployment of web application directory [C:\aviad\courses\Java Application Development\libraries\apache-tomcat-10.1.26\webapps\host-manager] has finished in [31] ms
22-Jul-2024 21:30:06.314 INFO [main] org.apache.catalina.startup.HostConfig.deployDirectory Deploying web application directory [C:\aviad\courses\Java Application Development\libraries\apache-tomcat-10.1.26\webapps\manager]
22-Jul-2024 21:30:06.346 INFO [main] org.apache.jasper.servlet.TldScanner.scanJars At least one JAR was scanned for TLDs yet contained no TLDs. Enable debug logging for this logger for a complete list of JARs that were scanned but no TLDs were found in them. Skipping unneeded JARs during scanning can improve startup time and JSP compilation time.
22-Jul-2024 21:30:06.346 INFO [main] org.apache.catalina.startup.HostConfig.deployDirectory Deployment of web application directory [C:\aviad\courses\Java Application Development\libraries\apache-tomcat-10.1.26\webapps\manager] has finished in [32] ms
22-Jul-2024 21:30:06.346 INFO [main] org.apache.catalina.startup.HostConfig.deployDirectory Deploying web application directory [C:\aviad\courses\Java Application Development\libraries\apache-tomcat-10.1.26\webapps\ROOT]
22-Jul-2024 21:30:06.361 INFO [main] org.apache.jasper.servlet.TldScanner.scanJars At least one JAR was scanned for TLDs yet contained no TLDs. Enable debug logging for this logger for a complete list of JARs that were scanned but no TLDs were found in them. Skipping unneeded JARs during scanning can improve startup time and JSP compilation time.
22-Jul-2024 21:30:06.361 INFO [main] org.apache.catalina.startup.HostConfig.deployDirectory Deployment of web application directory [C:\aviad\courses\Java Application Development\libraries\apache-tomcat-10.1.26\webapps\ROOT] has finished in [15] ms
22-Jul-2024 21:30:06.377 INFO [main] org.apache.coyote.AbstractProtocol.start Starting ProtocolHandler ["http-nio-8080"]
22-Jul-2024 21:30:06.377 INFO [main] org.apache.catalina.startup.Catalina.start Server startup in [687] milliseconds
22-Jul-2024 21:30:40.443 INFO [Thread-1] org.apache.coyote.AbstractProtocol.pause Pausing ProtocolHandler ["http-nio-8080"]
22-Jul-2024 21:30:40.443 INFO [Thread-1] org.apache.catalina.core.StandardService.stopInternal Stopping service [Catalina]
22-Jul-2024 21:30:40.459 INFO [Thread-1] org.apache.coyote.AbstractProtocol.stop Stopping ProtocolHandler ["http-nio-8080"]
22-Jul-2024 21:30:40.475 INFO [Thread-1] org.apache.coyote.AbstractProtocol.destroy Destroying ProtocolHandler ["http-nio-8080"]
